<?xml version="1.0" encoding="UTF-8"?>
<testng-results skipped="0" failed="0" ignored="0" total="1" passed="1">
  <reporter-output>
  </reporter-output>
  <suite name="Default suite" duration-ms="3943" started-at="2022-09-10T21:20:39 IST" finished-at="2022-09-10T21:20:43 IST">
    <groups>
      <group name="cucumber">
        <method signature="AbstractTestNGCucumberTests.runScenario(io.cucumber.testng.PickleWrapper,io.cucumber.testng.FeatureWrapper)[pri:0, instance:cucumberJava.runTest@5ed828d]" name="runScenario" class="io.cucumber.testng.AbstractTestNGCucumberTests"/>
      </group> <!-- cucumber -->
    </groups>
    <test name="Default test" duration-ms="3943" started-at="2022-09-10T21:20:39 IST" finished-at="2022-09-10T21:20:43 IST">
      <class name="cucumberJava.runTest">
        <test-method status="PASS" signature="setUpClass()[pri:0, instance:cucumberJava.runTest@5ed828d]" name="setUpClass" is-config="true" duration-ms="214" started-at="2022-09-10T21:20:39 IST" finished-at="2022-09-10T21:20:39 IST">
          <reporter-output>
          </reporter-output>
        </test-method> <!-- setUpClass -->
        <test-method status="PASS" signature="runScenario(io.cucumber.testng.PickleWrapper,io.cucumber.testng.FeatureWrapper)[pri:0, instance:cucumberJava.runTest@5ed828d]" name="runScenario" duration-ms="3695" started-at="2022-09-10T21:20:39 IST" description="Runs Cucumber Scenarios" data-provider="scenarios" finished-at="2022-09-10T21:20:43 IST">
          <params>
            <param index="0">
              <value>
                <![CDATA["Upload a vedio"]]>
              </value>
            </param>
            <param index="1">
              <value>
                <![CDATA["Optional[Upload a vedio]"]]>
              </value>
            </param>
          </params>
          <reporter-output>
          </reporter-output>
        </test-method> <!-- runScenario -->
        <test-method status="PASS" signature="tearDownClass()[pri:0, instance:cucumberJava.runTest@5ed828d]" name="tearDownClass" is-config="true" duration-ms="8" started-at="2022-09-10T21:20:43 IST" finished-at="2022-09-10T21:20:43 IST">
          <reporter-output>
          </reporter-output>
        </test-method> <!-- tearDownClass -->
      </class> <!-- cucumberJava.runTest -->
    </test> <!-- Default test -->
  </suite> <!-- Default suite -->
</testng-results>
